<?xml version="1.0" encoding="UTF-8"?>
<!-- Generated by org.testng.reporters.JUnitReportReporter -->
<testsuite skipped="0" hostname="SCS-R37" name="TestNG_Concept.ParameterTest" tests="1" failures="0" timestamp="25 Apr 2020 16:47:11 GMT" time="0.000" errors="1">
  <testcase name="Login" time="0.000" classname="TestNG_Concept.ParameterTest">
    <error type="org.testng.TestNGException" message="
Parameter &#039;baseurl&#039; is required by @Test on method Login but has not been marked @Optional or defined
in E:\WorkSpaceAutomations\Sample_TestNG\ParallelTestNg.xml">
      <![CDATA[org.testng.TestNGException: 
Parameter 'baseurl' is required by @Test on method Login but has not been marked @Optional or defined
in E:\WorkSpaceAutomations\Sample_TestNG\ParallelTestNg.xml
at org.testng.internal.Parameters.createParams(Parameters.java:290)
at org.testng.internal.Parameters.createParametersForMethod(Parameters.java:359)
at org.testng.internal.Parameters.createParameters(Parameters.java:620)
at org.testng.internal.Parameters.handleParameters(Parameters.java:769)
at org.testng.internal.ParameterHandler.handleParameters(ParameterHandler.java:49)
at org.testng.internal.ParameterHandler.createParameters(ParameterHandler.java:37)
at org.testng.internal.Invoker.invokeTestMethods(Invoker.java:924)
at org.testng.internal.TestMethodWorker.invokeTestMethods(TestMethodWorker.java:125)
at org.testng.internal.TestMethodWorker.run(TestMethodWorker.java:109)
at org.testng.TestRunner.privateRun(TestRunner.java:648)
at org.testng.TestRunner.run(TestRunner.java:505)
at org.testng.SuiteRunner.runTest(SuiteRunner.java:455)
at org.testng.SuiteRunner.access$000(SuiteRunner.java:40)
at org.testng.SuiteRunner$SuiteWorker.run(SuiteRunner.java:489)
at org.testng.internal.thread.ThreadUtil$1.call(ThreadUtil.java:52)
at java.util.concurrent.FutureTask.run(Unknown Source)
at java.util.concurrent.ThreadPoolExecutor.runWorker(Unknown Source)
at java.util.concurrent.ThreadPoolExecutor$Worker.run(Unknown Source)
at java.lang.Thread.run(Unknown Source)
]]>
    </error>
  </testcase> <!-- Login -->
</testsuite> <!-- TestNG_Concept.ParameterTest -->
